mode: set
github.com/gmallard/stompngo/transmit.go:22.64,29.2 6 1
github.com/gmallard/stompngo/datafuncs.go:26.31,28.2 1 1
github.com/gmallard/stompngo/datafuncs.go:33.39,35.2 1 1
github.com/gmallard/stompngo/datafuncs.go:40.38,44.2 3 1
github.com/gmallard/stompngo/datafuncs.go:49.36,53.2 3 1
github.com/gmallard/stompngo/datafuncs.go:60.43,63.2 2 1
github.com/gmallard/stompngo/datafuncs.go:68.48,71.2 2 1
github.com/gmallard/stompngo/datafuncs.go:76.46,77.26 1 1
github.com/gmallard/stompngo/datafuncs.go:80.2,80.22 1 1
github.com/gmallard/stompngo/datafuncs.go:85.2,85.13 1 1
github.com/gmallard/stompngo/datafuncs.go:77.26,79.3 1 1
github.com/gmallard/stompngo/datafuncs.go:80.22,81.20 1 1
github.com/gmallard/stompngo/datafuncs.go:81.20,83.4 1 1
github.com/gmallard/stompngo/datafuncs.go:91.52,92.33 1 1
github.com/gmallard/stompngo/datafuncs.go:97.2,97.18 1 1
github.com/gmallard/stompngo/datafuncs.go:92.33,93.16 1 1
github.com/gmallard/stompngo/datafuncs.go:93.16,95.4 1 1
github.com/gmallard/stompngo/datafuncs.go:103.54,104.33 1 1
github.com/gmallard/stompngo/datafuncs.go:109.2,109.14 1 1
github.com/gmallard/stompngo/datafuncs.go:104.33,105.31 1 1
github.com/gmallard/stompngo/datafuncs.go:105.31,107.4 1 1
github.com/gmallard/stompngo/datafuncs.go:116.41,117.33 1 1
github.com/gmallard/stompngo/datafuncs.go:122.2,122.11 1 1
github.com/gmallard/stompngo/datafuncs.go:117.33,118.16 1 1
github.com/gmallard/stompngo/datafuncs.go:118.16,120.4 1 1
github.com/gmallard/stompngo/datafuncs.go:129.38,131.33 2 1
github.com/gmallard/stompngo/datafuncs.go:137.2,137.10 1 1
github.com/gmallard/stompngo/datafuncs.go:131.33,132.16 1 1
github.com/gmallard/stompngo/datafuncs.go:132.16,134.9 2 1
github.com/gmallard/stompngo/datafuncs.go:143.35,144.19 1 1
github.com/gmallard/stompngo/datafuncs.go:147.2,147.12 1 1
github.com/gmallard/stompngo/datafuncs.go:144.19,146.3 1 1
github.com/gmallard/stompngo/datafuncs.go:153.49,154.19 1 1
github.com/gmallard/stompngo/datafuncs.go:159.2,159.16 1 1
github.com/gmallard/stompngo/datafuncs.go:154.19,155.30 1 1
github.com/gmallard/stompngo/datafuncs.go:155.30,157.4 1 1
github.com/gmallard/stompngo/datafuncs.go:165.34,169.2 3 1
github.com/gmallard/stompngo/datafuncs.go:174.43,177.12 3 1
github.com/gmallard/stompngo/datafuncs.go:180.2,180.10 1 1
github.com/gmallard/stompngo/datafuncs.go:177.12,179.3 1 1
github.com/gmallard/stompngo/datafuncs.go:186.37,188.33 2 1
github.com/gmallard/stompngo/datafuncs.go:195.2,195.17 1 1
github.com/gmallard/stompngo/datafuncs.go:188.33,189.8 1 1
github.com/gmallard/stompngo/datafuncs.go:189.8,191.4 1 1
github.com/gmallard/stompngo/datafuncs.go:191.4,193.4 1 1
github.com/gmallard/stompngo/subscribe.go:51.71,53.18 2 1
github.com/gmallard/stompngo/subscribe.go:56.2,57.14 2 1
github.com/gmallard/stompngo/subscribe.go:60.2,60.45 1 1
github.com/gmallard/stompngo/subscribe.go:63.2,64.38 2 1
github.com/gmallard/stompngo/subscribe.go:67.2,68.14 2 1
github.com/gmallard/stompngo/subscribe.go:72.2,78.13 6 1
github.com/gmallard/stompngo/subscribe.go:53.18,55.3 1 1
github.com/gmallard/stompngo/subscribe.go:57.14,59.3 1 1
github.com/gmallard/stompngo/subscribe.go:60.45,62.3 1 1
github.com/gmallard/stompngo/subscribe.go:64.38,66.3 1 1
github.com/gmallard/stompngo/subscribe.go:68.14,70.3 1 0
github.com/gmallard/stompngo/subscribe.go:84.92,91.9 5 1
github.com/gmallard/stompngo/subscribe.go:102.2,102.28 1 1
github.com/gmallard/stompngo/subscribe.go:118.2,118.27 1 1
github.com/gmallard/stompngo/subscribe.go:91.9,92.28 1 1
github.com/gmallard/stompngo/subscribe.go:92.28,94.4 1 0
github.com/gmallard/stompngo/subscribe.go:95.3,96.31 1 1
github.com/gmallard/stompngo/subscribe.go:96.31,98.4 1 0
github.com/gmallard/stompngo/subscribe.go:102.28,103.10 1 1
github.com/gmallard/stompngo/subscribe.go:103.10,105.4 1 1
github.com/gmallard/stompngo/subscribe.go:105.4,107.4 1 1
github.com/gmallard/stompngo/subscribe.go:108.3,109.10 1 0
github.com/gmallard/stompngo/subscribe.go:109.10,111.4 1 0
github.com/gmallard/stompngo/subscribe.go:111.4,115.4 3 0
github.com/gmallard/stompngo/connection.go:29.39,31.2 1 1
github.com/gmallard/stompngo/connection.go:36.39,38.2 1 1
github.com/gmallard/stompngo/connection.go:43.40,45.2 1 1
github.com/gmallard/stompngo/connection.go:57.47,59.2 1 1
github.com/gmallard/stompngo/connection.go:65.49,66.18 1 1
github.com/gmallard/stompngo/connection.go:69.2,69.28 1 0
github.com/gmallard/stompngo/connection.go:66.18,68.3 1 1
github.com/gmallard/stompngo/connection.go:76.52,77.18 1 1
github.com/gmallard/stompngo/connection.go:80.2,80.28 1 0
github.com/gmallard/stompngo/connection.go:77.18,79.3 1 1
github.com/gmallard/stompngo/connection.go:87.46,88.18 1 1
github.com/gmallard/stompngo/connection.go:91.2,91.17 1 0
github.com/gmallard/stompngo/connection.go:88.18,90.3 1 1
github.com/gmallard/stompngo/connection.go:98.49,99.18 1 1
github.com/gmallard/stompngo/connection.go:102.2,102.17 1 0
github.com/gmallard/stompngo/connection.go:99.18,101.3 1 1
github.com/gmallard/stompngo/connection.go:111.31,113.2 1 1
github.com/gmallard/stompngo/connection.go:118.27,120.2 1 1
github.com/gmallard/stompngo/connection.go:125.41,127.2 1 1
github.com/gmallard/stompngo/connection.go:132.40,134.2 1 1
github.com/gmallard/stompngo/connection.go:139.44,141.2 1 1
github.com/gmallard/stompngo/connection.go:146.43,148.2 1 1
github.com/gmallard/stompngo/connection.go:153.46,155.2 1 1
github.com/gmallard/stompngo/connection.go:160.39,162.2 1 0
github.com/gmallard/stompngo/connection.go:168.44,171.2 2 0
github.com/gmallard/stompngo/connection.go:178.44,179.21 1 1
github.com/gmallard/stompngo/connection.go:182.2,182.8 1 1
github.com/gmallard/stompngo/connection.go:179.21,181.3 1 1
github.com/gmallard/stompngo/connection.go:188.33,191.18 2 1
github.com/gmallard/stompngo/connection.go:200.2,203.26 3 1
github.com/gmallard/stompngo/connection.go:206.2,208.8 3 1
github.com/gmallard/stompngo/connection.go:191.18,192.16 1 0
github.com/gmallard/stompngo/connection.go:195.3,195.16 1 0
github.com/gmallard/stompngo/connection.go:192.16,194.4 1 0
github.com/gmallard/stompngo/connection.go:195.16,197.4 1 0
github.com/gmallard/stompngo/connection.go:203.26,205.3 1 1
github.com/gmallard/stompngo/connection.go:214.54,219.26 3 1
github.com/gmallard/stompngo/connection.go:222.2,224.8 2 1
github.com/gmallard/stompngo/connection.go:219.26,221.3 1 0
github.com/gmallard/stompngo/disconnect.go:40.50,42.18 2 1
github.com/gmallard/stompngo/disconnect.go:45.2,46.14 2 1
github.com/gmallard/stompngo/disconnect.go:49.2,53.42 2 1
github.com/gmallard/stompngo/disconnect.go:57.2,67.14 8 1
github.com/gmallard/stompngo/disconnect.go:72.2,72.10 1 1
github.com/gmallard/stompngo/disconnect.go:42.18,44.3 1 1
github.com/gmallard/stompngo/disconnect.go:46.14,48.3 1 1
github.com/gmallard/stompngo/disconnect.go:53.42,55.3 1 1
github.com/gmallard/stompngo/disconnect.go:67.14,71.3 2 1
github.com/gmallard/stompngo/send.go:35.54,37.18 2 1
github.com/gmallard/stompngo/send.go:40.2,41.14 2 1
github.com/gmallard/stompngo/send.go:44.2,44.45 1 1
github.com/gmallard/stompngo/send.go:47.2,53.10 7 1
github.com/gmallard/stompngo/send.go:37.18,39.3 1 1
github.com/gmallard/stompngo/send.go:41.14,43.3 1 1
github.com/gmallard/stompngo/send.go:44.45,46.3 1 1
github.com/gmallard/stompngo/unsubscribe.go:35.51,37.18 2 1
github.com/gmallard/stompngo/unsubscribe.go:40.2,41.14 2 1
github.com/gmallard/stompngo/unsubscribe.go:46.2,48.18 3 1
github.com/gmallard/stompngo/unsubscribe.go:52.2,56.22 4 1
github.com/gmallard/stompngo/unsubscribe.go:84.2,85.14 2 1
github.com/gmallard/stompngo/unsubscribe.go:89.2,89.9 1 1
github.com/gmallard/stompngo/unsubscribe.go:95.2,96.12 2 1
github.com/gmallard/stompngo/unsubscribe.go:37.18,39.3 1 1
github.com/gmallard/stompngo/unsubscribe.go:41.14,43.3 1 1
github.com/gmallard/stompngo/unsubscribe.go:48.18,50.3 1 1
github.com/gmallard/stompngo/unsubscribe.go:57.2,58.11 1 1
github.com/gmallard/stompngo/unsubscribe.go:61.3,61.9 1 1
github.com/gmallard/stompngo/unsubscribe.go:64.2,65.11 1 1
github.com/gmallard/stompngo/unsubscribe.go:68.3,68.9 1 1
github.com/gmallard/stompngo/unsubscribe.go:71.2,72.11 1 1
github.com/gmallard/stompngo/unsubscribe.go:75.3,75.10 1 1
github.com/gmallard/stompngo/unsubscribe.go:80.2,81.45 1 0
github.com/gmallard/stompngo/unsubscribe.go:58.11,60.4 1 1
github.com/gmallard/stompngo/unsubscribe.go:61.9,63.4 1 1
github.com/gmallard/stompngo/unsubscribe.go:65.11,67.4 1 1
github.com/gmallard/stompngo/unsubscribe.go:68.9,70.4 1 1
github.com/gmallard/stompngo/unsubscribe.go:72.11,74.4 1 0
github.com/gmallard/stompngo/unsubscribe.go:75.10,76.10 1 1
github.com/gmallard/stompngo/unsubscribe.go:76.10,78.5 1 0
github.com/gmallard/stompngo/unsubscribe.go:85.14,87.3 1 0
github.com/gmallard/stompngo/unsubscribe.go:89.9,94.3 4 1
github.com/gmallard/stompngo/utils.go:31.30,33.33 2 1
github.com/gmallard/stompngo/utils.go:38.2,38.10 1 1
github.com/gmallard/stompngo/utils.go:33.33,34.40 1 1
github.com/gmallard/stompngo/utils.go:34.40,36.4 1 1
github.com/gmallard/stompngo/utils.go:44.30,46.33 2 1
github.com/gmallard/stompngo/utils.go:51.2,51.10 1 1
github.com/gmallard/stompngo/utils.go:46.33,47.40 1 1
github.com/gmallard/stompngo/utils.go:47.40,49.4 1 1
github.com/gmallard/stompngo/utils.go:57.53,59.14 2 1
github.com/gmallard/stompngo/utils.go:62.2,62.17 1 1
github.com/gmallard/stompngo/utils.go:67.2,67.13 1 1
github.com/gmallard/stompngo/utils.go:59.14,61.3 1 0
github.com/gmallard/stompngo/utils.go:62.17,64.3 1 1
github.com/gmallard/stompngo/utils.go:64.3,66.3 1 0
github.com/gmallard/stompngo/utils.go:74.56,77.11 3 1
github.com/gmallard/stompngo/utils.go:80.2,80.14 1 1
github.com/gmallard/stompngo/utils.go:83.2,84.13 2 1
github.com/gmallard/stompngo/utils.go:77.11,79.3 1 0
github.com/gmallard/stompngo/utils.go:80.14,82.3 1 0
github.com/gmallard/stompngo/utils.go:93.48,101.16 5 1
github.com/gmallard/stompngo/utils.go:104.2,105.50 2 1
github.com/gmallard/stompngo/utils.go:109.2,109.14 1 1
github.com/gmallard/stompngo/utils.go:118.2,119.17 2 1
github.com/gmallard/stompngo/utils.go:133.2,133.46 1 1
github.com/gmallard/stompngo/utils.go:142.2,144.47 3 1
github.com/gmallard/stompngo/utils.go:148.2,148.15 1 1
github.com/gmallard/stompngo/utils.go:101.16,103.3 1 1
github.com/gmallard/stompngo/utils.go:105.50,107.3 1 1
github.com/gmallard/stompngo/utils.go:110.2,112.20 2 1
github.com/gmallard/stompngo/utils.go:113.2,114.16 1 1
github.com/gmallard/stompngo/utils.go:115.2,115.10 0 1
github.com/gmallard/stompngo/utils.go:119.17,122.48 3 1
github.com/gmallard/stompngo/utils.go:125.3,125.16 1 0
github.com/gmallard/stompngo/utils.go:122.48,124.4 1 1
github.com/gmallard/stompngo/utils.go:133.46,135.17 2 1
github.com/gmallard/stompngo/utils.go:139.3,139.44 1 1
github.com/gmallard/stompngo/utils.go:135.17,138.4 2 1
github.com/gmallard/stompngo/utils.go:144.47,146.3 1 1
github.com/gmallard/stompngo/utils.go:154.28,158.2 3 0
github.com/gmallard/stompngo/utils.go:163.20,169.2 5 1
github.com/gmallard/stompngo/utils.go:174.46,175.14 1 1
github.com/gmallard/stompngo/utils.go:179.2,179.33 1 1
github.com/gmallard/stompngo/utils.go:183.2,183.33 1 1
github.com/gmallard/stompngo/utils.go:192.2,192.17 1 1
github.com/gmallard/stompngo/utils.go:198.2,198.12 1 1
github.com/gmallard/stompngo/utils.go:175.14,177.3 1 1
github.com/gmallard/stompngo/utils.go:179.33,181.3 1 1
github.com/gmallard/stompngo/utils.go:183.33,184.17 1 1
github.com/gmallard/stompngo/utils.go:187.3,187.34 1 1
github.com/gmallard/stompngo/utils.go:184.17,186.4 1 1
github.com/gmallard/stompngo/utils.go:187.34,189.4 1 1
github.com/gmallard/stompngo/utils.go:192.17,194.15 2 1
github.com/gmallard/stompngo/utils.go:194.15,196.4 1 0
github.com/gmallard/stompngo/utils.go:204.28,205.11 1 1
github.com/gmallard/stompngo/utils.go:208.2,208.10 1 1
github.com/gmallard/stompngo/utils.go:205.11,207.3 1 1
github.com/gmallard/stompngo/utils.go:214.42,215.22 1 1
github.com/gmallard/stompngo/utils.go:220.2,220.14 1 1
github.com/gmallard/stompngo/utils.go:215.22,216.13 1 1
github.com/gmallard/stompngo/utils.go:216.13,218.4 1 1
github.com/gmallard/stompngo/ack.go:42.43,44.18 2 1
github.com/gmallard/stompngo/ack.go:47.2,48.14 2 1
github.com/gmallard/stompngo/ack.go:52.2,52.22 1 1
github.com/gmallard/stompngo/ack.go:70.2,72.10 3 1
github.com/gmallard/stompngo/ack.go:44.18,46.3 1 1
github.com/gmallard/stompngo/ack.go:48.14,50.3 1 1
github.com/gmallard/stompngo/ack.go:53.2,54.37 1 1
github.com/gmallard/stompngo/ack.go:57.2,58.47 1 1
github.com/gmallard/stompngo/ack.go:61.3,61.45 1 1
github.com/gmallard/stompngo/ack.go:64.2,65.45 1 1
github.com/gmallard/stompngo/ack.go:54.37,56.4 1 1
github.com/gmallard/stompngo/ack.go:58.47,60.4 1 1
github.com/gmallard/stompngo/ack.go:61.45,63.4 1 1
github.com/gmallard/stompngo/ack.go:65.45,67.4 1 1
github.com/gmallard/stompngo/connect.go:59.58,60.14 1 1
github.com/gmallard/stompngo/connect.go:63.2,63.33 1 1
github.com/gmallard/stompngo/connect.go:66.2,66.40 1 1
github.com/gmallard/stompngo/connect.go:69.2,86.45 5 1
github.com/gmallard/stompngo/connect.go:91.2,99.14 8 1
github.com/gmallard/stompngo/connect.go:104.2,105.14 2 1
github.com/gmallard/stompngo/connect.go:110.2,113.13 3 1
github.com/gmallard/stompngo/connect.go:60.14,62.3 1 1
github.com/gmallard/stompngo/connect.go:63.33,65.3 1 1
github.com/gmallard/stompngo/connect.go:66.40,68.3 1 1
github.com/gmallard/stompngo/connect.go:86.45,88.3 1 1
github.com/gmallard/stompngo/connect.go:99.14,102.3 2 0
github.com/gmallard/stompngo/connect.go:105.14,108.3 2 0
github.com/gmallard/stompngo/connect.go:122.58,125.14 3 1
github.com/gmallard/stompngo/connect.go:128.2,129.14 2 1
github.com/gmallard/stompngo/connect.go:133.2,134.40 2 1
github.com/gmallard/stompngo/connect.go:138.2,139.14 2 1
github.com/gmallard/stompngo/connect.go:143.2,143.64 1 1
github.com/gmallard/stompngo/connect.go:147.2,147.28 1 1
github.com/gmallard/stompngo/connect.go:154.2,157.12 4 1
github.com/gmallard/stompngo/connect.go:125.14,127.3 1 0
github.com/gmallard/stompngo/connect.go:129.14,131.3 1 0
github.com/gmallard/stompngo/connect.go:134.40,136.3 1 0
github.com/gmallard/stompngo/connect.go:139.14,141.3 1 0
github.com/gmallard/stompngo/connect.go:143.64,145.3 1 1
github.com/gmallard/stompngo/connect.go:147.28,149.15 2 0
github.com/gmallard/stompngo/connect.go:149.15,151.4 1 0
github.com/gmallard/stompngo/connect.go:163.63,165.13 2 1
github.com/gmallard/stompngo/connect.go:168.2,169.23 2 1
github.com/gmallard/stompngo/connect.go:174.2,174.19 1 1
github.com/gmallard/stompngo/connect.go:165.13,167.3 1 1
github.com/gmallard/stompngo/connect.go:169.23,170.30 1 1
github.com/gmallard/stompngo/connect.go:170.30,172.4 1 0
github.com/gmallard/stompngo/connect.go:180.65,184.34 3 1
github.com/gmallard/stompngo/connect.go:188.2,188.28 1 1
github.com/gmallard/stompngo/connect.go:191.2,193.28 2 1
github.com/gmallard/stompngo/connect.go:204.2,204.28 1 1
github.com/gmallard/stompngo/connect.go:210.2,211.12 2 1
github.com/gmallard/stompngo/connect.go:184.34,187.3 2 1
github.com/gmallard/stompngo/connect.go:188.28,190.3 1 1
github.com/gmallard/stompngo/connect.go:193.28,194.24 1 1
github.com/gmallard/stompngo/connect.go:194.24,195.23 1 1
github.com/gmallard/stompngo/connect.go:198.4,199.14 2 1
github.com/gmallard/stompngo/connect.go:195.23,197.5 1 1
github.com/gmallard/stompngo/connect.go:200.4,202.4 1 1
github.com/gmallard/stompngo/connect.go:204.28,205.27 1 1
github.com/gmallard/stompngo/connect.go:205.27,207.4 1 1
github.com/gmallard/stompngo/writer.go:29.31,31.6 2 1
github.com/gmallard/stompngo/writer.go:45.2,45.38 1 1
github.com/gmallard/stompngo/writer.go:31.6,33.10 1 1
github.com/gmallard/stompngo/writer.go:40.3,40.8 1 1
github.com/gmallard/stompngo/writer.go:34.3,35.18 1 1
github.com/gmallard/stompngo/writer.go:36.3,37.9 1 1
github.com/gmallard/stompngo/writer.go:40.8,41.9 1 1
github.com/gmallard/stompngo/writer.go:51.44,53.19 2 1
github.com/gmallard/stompngo/writer.go:73.2,73.34 1 1
github.com/gmallard/stompngo/writer.go:78.2,78.18 1 1
github.com/gmallard/stompngo/writer.go:81.2,85.8 4 1
github.com/gmallard/stompngo/writer.go:54.2,55.53 1 0
github.com/gmallard/stompngo/writer.go:59.2,60.55 1 1
github.com/gmallard/stompngo/writer.go:64.3,64.35 1 1
github.com/gmallard/stompngo/writer.go:68.3,68.45 1 1
github.com/gmallard/stompngo/writer.go:55.53,58.4 2 0
github.com/gmallard/stompngo/writer.go:60.55,63.4 2 0
github.com/gmallard/stompngo/writer.go:64.35,67.4 2 0
github.com/gmallard/stompngo/writer.go:68.45,71.4 2 0
github.com/gmallard/stompngo/writer.go:73.34,76.3 2 0
github.com/gmallard/stompngo/writer.go:78.18,80.3 1 0
github.com/gmallard/stompngo/writer.go:91.61,93.55 1 1
github.com/gmallard/stompngo/writer.go:98.2,98.65 1 1
github.com/gmallard/stompngo/writer.go:104.2,104.41 1 1
github.com/gmallard/stompngo/writer.go:115.2,115.38 1 1
github.com/gmallard/stompngo/writer.go:119.2,119.22 1 1
github.com/gmallard/stompngo/writer.go:124.2,124.12 1 1
github.com/gmallard/stompngo/writer.go:93.55,95.3 1 0
github.com/gmallard/stompngo/writer.go:98.65,99.61 1 1
github.com/gmallard/stompngo/writer.go:99.61,101.4 1 1
github.com/gmallard/stompngo/writer.go:104.41,105.41 1 1
github.com/gmallard/stompngo/writer.go:109.3,110.15 2 1
github.com/gmallard/stompngo/writer.go:105.41,108.4 2 1
github.com/gmallard/stompngo/writer.go:110.15,112.4 1 0
github.com/gmallard/stompngo/writer.go:115.38,117.3 1 0
github.com/gmallard/stompngo/writer.go:119.22,120.40 1 1
github.com/gmallard/stompngo/writer.go:120.40,122.4 1 0
github.com/gmallard/stompngo/sendbytes.go:35.59,37.18 2 1
github.com/gmallard/stompngo/sendbytes.go:40.2,41.14 2 1
github.com/gmallard/stompngo/sendbytes.go:44.2,44.45 1 1
github.com/gmallard/stompngo/sendbytes.go:47.2,53.10 7 1
github.com/gmallard/stompngo/sendbytes.go:37.18,39.3 1 0
github.com/gmallard/stompngo/sendbytes.go:41.14,43.3 1 0
github.com/gmallard/stompngo/sendbytes.go:44.45,46.3 1 1
github.com/gmallard/stompngo/abort.go:32.45,34.18 2 1
github.com/gmallard/stompngo/abort.go:37.2,38.14 2 1
github.com/gmallard/stompngo/abort.go:41.2,41.45 1 1
github.com/gmallard/stompngo/abort.go:44.2,44.34 1 1
github.com/gmallard/stompngo/abort.go:47.2,49.10 3 1
github.com/gmallard/stompngo/abort.go:34.18,36.3 1 1
github.com/gmallard/stompngo/abort.go:38.14,40.3 1 1
github.com/gmallard/stompngo/abort.go:41.45,43.3 1 1
github.com/gmallard/stompngo/abort.go:44.34,46.3 1 0
github.com/gmallard/stompngo/heartbeats.go:32.65,35.24 2 1
github.com/gmallard/stompngo/heartbeats.go:39.2,40.24 2 1
github.com/gmallard/stompngo/heartbeats.go:44.2,51.18 3 1
github.com/gmallard/stompngo/heartbeats.go:54.2,55.14 2 1
github.com/gmallard/stompngo/heartbeats.go:58.2,59.14 2 1
github.com/gmallard/stompngo/heartbeats.go:64.2,65.18 2 1
github.com/gmallard/stompngo/heartbeats.go:68.2,69.14 2 1
github.com/gmallard/stompngo/heartbeats.go:72.2,73.14 2 1
github.com/gmallard/stompngo/heartbeats.go:78.2,78.28 1 0
github.com/gmallard/stompngo/heartbeats.go:83.2,83.28 1 0
github.com/gmallard/stompngo/heartbeats.go:87.2,87.22 1 0
github.com/gmallard/stompngo/heartbeats.go:91.2,94.11 3 0
github.com/gmallard/stompngo/heartbeats.go:103.2,103.11 1 0
github.com/gmallard/stompngo/heartbeats.go:111.2,111.12 1 0
github.com/gmallard/stompngo/heartbeats.go:35.24,37.3 1 1
github.com/gmallard/stompngo/heartbeats.go:40.24,42.3 1 0
github.com/gmallard/stompngo/heartbeats.go:51.18,53.3 1 1
github.com/gmallard/stompngo/heartbeats.go:55.14,57.3 1 1
github.com/gmallard/stompngo/heartbeats.go:59.14,61.3 1 1
github.com/gmallard/stompngo/heartbeats.go:65.18,67.3 1 1
github.com/gmallard/stompngo/heartbeats.go:69.14,71.3 1 1
github.com/gmallard/stompngo/heartbeats.go:73.14,75.3 1 1
github.com/gmallard/stompngo/heartbeats.go:78.28,80.3 1 0
github.com/gmallard/stompngo/heartbeats.go:83.28,85.3 1 0
github.com/gmallard/stompngo/heartbeats.go:87.22,89.3 1 0
github.com/gmallard/stompngo/heartbeats.go:94.11,101.3 5 0
github.com/gmallard/stompngo/heartbeats.go:103.11,110.3 5 0
github.com/gmallard/stompngo/heartbeats.go:117.35,122.6 5 0
github.com/gmallard/stompngo/heartbeats.go:151.2,152.8 2 0
github.com/gmallard/stompngo/heartbeats.go:122.6,123.10 1 0
github.com/gmallard/stompngo/heartbeats.go:147.3,147.8 1 0
github.com/gmallard/stompngo/heartbeats.go:124.3,125.30 1 0
github.com/gmallard/stompngo/heartbeats.go:144.3,145.9 1 0
github.com/gmallard/stompngo/heartbeats.go:125.30,126.15 1 0
github.com/gmallard/stompngo/heartbeats.go:142.5,142.24 1 0
github.com/gmallard/stompngo/heartbeats.go:126.15,133.18 6 0
github.com/gmallard/stompngo/heartbeats.go:140.6,140.25 1 0
github.com/gmallard/stompngo/heartbeats.go:133.18,136.7 2 0
github.com/gmallard/stompngo/heartbeats.go:136.7,139.7 2 0
github.com/gmallard/stompngo/heartbeats.go:147.8,148.9 1 0
github.com/gmallard/stompngo/heartbeats.go:158.38,162.6 4 0
github.com/gmallard/stompngo/heartbeats.go:186.2,187.8 2 0
github.com/gmallard/stompngo/heartbeats.go:162.6,164.10 2 0
github.com/gmallard/stompngo/heartbeats.go:182.3,182.8 1 0
github.com/gmallard/stompngo/heartbeats.go:165.3,171.42 5 0
github.com/gmallard/stompngo/heartbeats.go:178.4,178.32 1 0
github.com/gmallard/stompngo/heartbeats.go:179.3,180.9 1 0
github.com/gmallard/stompngo/heartbeats.go:171.42,174.5 2 0
github.com/gmallard/stompngo/heartbeats.go:174.5,177.5 2 0
github.com/gmallard/stompngo/heartbeats.go:182.8,183.9 1 0
github.com/gmallard/stompngo/nack.go:49.44,51.18 2 1
github.com/gmallard/stompngo/nack.go:54.2,54.28 1 1
github.com/gmallard/stompngo/nack.go:57.2,58.14 2 1
github.com/gmallard/stompngo/nack.go:62.2,62.22 1 1
github.com/gmallard/stompngo/nack.go:76.2,78.10 3 0
github.com/gmallard/stompngo/nack.go:51.18,53.3 1 1
github.com/gmallard/stompngo/nack.go:54.28,56.3 1 1
github.com/gmallard/stompngo/nack.go:58.14,60.3 1 0
github.com/gmallard/stompngo/nack.go:63.2,64.37 1 1
github.com/gmallard/stompngo/nack.go:67.2,68.47 1 1
github.com/gmallard/stompngo/nack.go:71.3,71.45 1 1
github.com/gmallard/stompngo/nack.go:64.37,66.4 1 1
github.com/gmallard/stompngo/nack.go:68.47,70.4 1 1
github.com/gmallard/stompngo/nack.go:71.45,73.4 1 1
github.com/gmallard/stompngo/reader.go:31.31,35.6 2 1
github.com/gmallard/stompngo/reader.go:73.2,73.38 1 1
github.com/gmallard/stompngo/reader.go:35.6,37.15 2 1
github.com/gmallard/stompngo/reader.go:44.3,44.27 1 1
github.com/gmallard/stompngo/reader.go:48.3,53.56 5 1
github.com/gmallard/stompngo/reader.go:61.3,63.10 2 1
github.com/gmallard/stompngo/reader.go:68.3,68.8 1 1
github.com/gmallard/stompngo/reader.go:37.15,41.9 4 1
github.com/gmallard/stompngo/reader.go:44.27,45.9 1 0
github.com/gmallard/stompngo/reader.go:53.56,57.4 3 1
github.com/gmallard/stompngo/reader.go:57.4,59.4 1 1
github.com/gmallard/stompngo/reader.go:64.3,64.20 0 1
github.com/gmallard/stompngo/reader.go:65.3,65.11 0 1
github.com/gmallard/stompngo/reader.go:68.8,69.9 1 1
github.com/gmallard/stompngo/reader.go:85.53,88.6 2 1
github.com/gmallard/stompngo/reader.go:106.2,106.40 1 1
github.com/gmallard/stompngo/reader.go:110.2,110.6 1 1
github.com/gmallard/stompngo/reader.go:133.2,134.14 2 1
github.com/gmallard/stompngo/reader.go:138.2,138.55 1 1
github.com/gmallard/stompngo/reader.go:152.2,152.14 1 1
github.com/gmallard/stompngo/reader.go:155.2,155.18 1 1
github.com/gmallard/stompngo/reader.go:159.2,159.13 1 1
github.com/gmallard/stompngo/reader.go:88.6,90.14 2 1
github.com/gmallard/stompngo/reader.go:93.3,93.15 1 1
github.com/gmallard/stompngo/reader.go:96.3,96.19 1 1
github.com/gmallard/stompngo/reader.go:99.3,100.16 2 1
github.com/gmallard/stompngo/reader.go:90.14,92.4 1 1
github.com/gmallard/stompngo/reader.go:93.15,95.4 1 0
github.com/gmallard/stompngo/reader.go:96.19,98.4 1 0
github.com/gmallard/stompngo/reader.go:100.16,101.9 1 1
github.com/gmallard/stompngo/reader.go:106.40,108.3 1 0
github.com/gmallard/stompngo/reader.go:110.6,112.15 2 1
github.com/gmallard/stompngo/reader.go:115.3,115.19 1 1
github.com/gmallard/stompngo/reader.go:118.3,118.16 1 1
github.com/gmallard/stompngo/reader.go:121.3,123.18 3 1
github.com/gmallard/stompngo/reader.go:126.3,126.29 1 1
github.com/gmallard/stompngo/reader.go:130.3,130.44 1 1
github.com/gmallard/stompngo/reader.go:112.15,114.4 1 0
github.com/gmallard/stompngo/reader.go:115.19,117.4 1 0
github.com/gmallard/stompngo/reader.go:118.16,119.9 1 1
github.com/gmallard/stompngo/reader.go:123.18,125.4 1 0
github.com/gmallard/stompngo/reader.go:126.29,129.4 2 1
github.com/gmallard/stompngo/reader.go:134.14,136.3 1 0
github.com/gmallard/stompngo/reader.go:138.55,140.15 2 1
github.com/gmallard/stompngo/reader.go:143.3,143.13 1 1
github.com/gmallard/stompngo/reader.go:140.15,142.4 1 0
github.com/gmallard/stompngo/reader.go:143.13,145.4 1 0
github.com/gmallard/stompngo/reader.go:145.4,147.4 1 1
github.com/gmallard/stompngo/reader.go:148.3,151.3 1 1
github.com/gmallard/stompngo/reader.go:152.14,154.3 1 0
github.com/gmallard/stompngo/reader.go:155.18,157.3 1 0
github.com/gmallard/stompngo/begin.go:33.45,35.18 2 1
github.com/gmallard/stompngo/begin.go:38.2,39.14 2 1
github.com/gmallard/stompngo/begin.go:42.2,42.45 1 1
github.com/gmallard/stompngo/begin.go:45.2,45.34 1 1
github.com/gmallard/stompngo/begin.go:48.2,50.10 3 1
github.com/gmallard/stompngo/begin.go:35.18,37.3 1 1
github.com/gmallard/stompngo/begin.go:39.14,41.3 1 1
github.com/gmallard/stompngo/begin.go:42.45,44.3 1 1
github.com/gmallard/stompngo/begin.go:45.34,47.3 1 0
github.com/gmallard/stompngo/commit.go:33.46,35.18 2 1
github.com/gmallard/stompngo/commit.go:38.2,39.14 2 1
github.com/gmallard/stompngo/commit.go:42.2,42.45 1 1
github.com/gmallard/stompngo/commit.go:45.2,45.34 1 1
github.com/gmallard/stompngo/commit.go:48.2,50.10 3 1
github.com/gmallard/stompngo/commit.go:35.18,37.3 1 1
github.com/gmallard/stompngo/commit.go:39.14,41.3 1 1
github.com/gmallard/stompngo/commit.go:42.45,44.3 1 1
github.com/gmallard/stompngo/commit.go:45.34,47.3 1 0
